<?xml version="1.0" encoding="UTF-8"?>
<testng-results ignored="0" total="1" passed="1" failed="0" skipped="0">
  <reporter-output>
  </reporter-output>
  <suite started-at="2024-05-13T12:21:18 IST" name="Default suite" finished-at="2024-05-13T12:21:37 IST" duration-ms="19498">
    <groups>
    </groups>
    <test started-at="2024-05-13T12:21:18 IST" name="Default test" finished-at="2024-05-13T12:21:37 IST" duration-ms="19498">
      <class name="com.suwprojectTestCases.loginpagetest">
        <test-method is-config="true" signature="setUp()[pri:0, instance:com.suwprojectTestCases.loginpagetest@48075da3]" started-at="2024-05-13T12:21:18 IST" name="setUp" finished-at="2024-05-13T12:21:22 IST" duration-ms="4445" status="PASS">
          <reporter-output>
          </reporter-output>
        </test-method> <!-- setUp -->
        <test-method signature="loginTest()[pri:0, instance:com.suwprojectTestCases.loginpagetest@48075da3]" started-at="2024-05-13T12:21:22 IST" name="loginTest" description="Valid Credentials" finished-at="2024-05-13T12:21:36 IST" duration-ms="13440" status="PASS">
          <reporter-output>
          </reporter-output>
        </test-method> <!-- loginTest -->
        <test-method is-config="true" signature="tearDown()[pri:0, instance:com.suwprojectTestCases.loginpagetest@48075da3]" started-at="2024-05-13T12:21:36 IST" name="tearDown" finished-at="2024-05-13T12:21:37 IST" duration-ms="1553" status="PASS">
          <reporter-output>
          </reporter-output>
        </test-method> <!-- tearDown -->
      </class> <!-- com.suwprojectTestCases.loginpagetest -->
    </test> <!-- Default test -->
  </suite> <!-- Default suite -->
</testng-results>
