<?xml version="1.0" encoding="UTF-8"?>
<testng-results ignored="0" total="1" passed="1" failed="0" skipped="0">
  <reporter-output>
  </reporter-output>
  <suite started-at="2024-03-04T18:10:37 IST" name="Default suite" finished-at="2024-03-04T18:10:43 IST" duration-ms="5915">
    <groups>
    </groups>
    <test started-at="2024-03-04T18:10:37 IST" name="Default test" finished-at="2024-03-04T18:10:43 IST" duration-ms="5915">
      <class name="com.suwprojectTestCases.indexpagetest">
        <test-method is-config="true" signature="loadConfig()[pri:0, instance:com.suwprojectTestCases.indexpagetest@74e28667]" started-at="2024-03-04T18:10:37 IST" name="loadConfig" finished-at="2024-03-04T18:10:37 IST" duration-ms="23" status="PASS">
          <reporter-output>
          </reporter-output>
        </test-method> <!-- loadConfig -->
        <test-method is-config="true" signature="setup()[pri:0, instance:com.suwprojectTestCases.indexpagetest@74e28667]" started-at="2024-03-04T18:10:37 IST" name="setup" finished-at="2024-03-04T18:10:42 IST" duration-ms="4687" status="PASS">
          <reporter-output>
          </reporter-output>
        </test-method> <!-- setup -->
        <test-method signature="VerifyUrl()[pri:0, instance:com.suwprojectTestCases.indexpagetest@74e28667]" started-at="2024-03-04T18:10:42 IST" name="VerifyUrl" finished-at="2024-03-04T18:10:42 IST" duration-ms="11" status="PASS">
          <reporter-output>
          </reporter-output>
        </test-method> <!-- VerifyUrl -->
        <test-method is-config="true" signature="TearDown()[pri:0, instance:com.suwprojectTestCases.indexpagetest@74e28667]" started-at="2024-03-04T18:10:42 IST" name="TearDown" finished-at="2024-03-04T18:10:43 IST" duration-ms="1124" status="PASS">
          <reporter-output>
          </reporter-output>
        </test-method> <!-- TearDown -->
      </class> <!-- com.suwprojectTestCases.indexpagetest -->
    </test> <!-- Default test -->
  </suite> <!-- Default suite -->
</testng-results>
